<?xml version="1.0" encoding="UTF-8"?>
<!-- Generated by org.testng.reporters.JUnitReportReporter -->
<testsuite hostname="LAPTOP-T4UG6R5F" failures="0" tests="2" name="com.eduSol.runner.TestNGRunner2" time="16.921" errors="0" timestamp="2022-11-14T04:44:44 IST" skipped="0">
  <testcase classname="com.eduSol.runner.TestNGRunner2" name="testcase" time="4.169"/>
  <system-out/>
  <testcase classname="com.eduSol.runner.TestNGRunner2" name="testcase2" time="12.752"/>
  <system-out/>
</testsuite> <!-- com.eduSol.runner.TestNGRunner2 -->
