<?xml version="1.0" encoding="UTF-8"?>
<!-- Generated by org.testng.reporters.JUnitReportReporter -->
<testsuite hostname="LAPTOP-T4UG6R5F" failures="0" tests="4" name="com.eduSol.runner.TestNGRunner_extent_reporeter" time="56.995" errors="0" timestamp="2022-12-17T17:44:32 IST" skipped="2">
  <testcase classname="com.eduSol.runner.TestNGRunner_extent_reporeter" name="testcase" time="33.494"/>
  <system-out/>
  <testcase classname="com.eduSol.runner.TestNGRunner_extent_reporeter" name="testcase" time="6.533">
    <skipped/>
  </testcase> <!-- testcase -->
  <system-out/>
  <testcase classname="com.eduSol.runner.TestNGRunner_extent_reporeter" name="testcase" time="16.968"/>
  <system-out/>
  <testcase classname="com.eduSol.runner.TestNGRunner_extent_reporeter" name="t2">
    <skipped/>
  </testcase> <!-- t2 -->
  <system-out/>
</testsuite> <!-- com.eduSol.runner.TestNGRunner_extent_reporeter -->
